{"C:\\Users\\ninoc\\OneDrive\\Escritorio\\UNI\\IDSM31\\solis\\WEB_SERVICES\\index.js": {"path":"C:\\Users\\ninoc\\OneDrive\\Escritorio\\UNI\\IDSM31\\solis\\WEB_SERVICES\\index.js","statementMap":{"0":{"start":{"line":2,"column":2},"end":{"line":2,"column":15}},"1":{"start":{"line":5,"column":0},"end":{"line":5,"column":26}}},"fnMap":{"0":{"name":"suma","decl":{"start":{"line":1,"column":9},"end":{"line":1,"column":13}},"loc":{"start":{"line":1,"column":20},"end":{"line":3,"column":1}},"line":1}},"branchMap":{},"s":{"0":3,"1":1},"f":{"0":3},"b":{},"_coverageSchema":"1a1c01bbd47fc00a2c39e90264f33305004495a9","hash":"033c81581dc15fe2b736d1cdf4f1015b6566c89f"}
}
